nohup: 忽略输入
30246
Reading training data...
Reading validation data...
Epoch [1/5]
Iter:      0,  Train Loss:   2.3,  Train Acc: 12.50%,  Val Loss:   2.3,  Val Acc: 10.76%,  Time: 0:04:09 *
Iter:    100,  Train Loss:   2.1,  Train Acc: 62.50%,  Val Loss:   2.1,  Val Acc: 79.93%,  Time: 0:09:50 *
Iter:    200,  Train Loss:   1.2,  Train Acc: 75.00%,  Val Loss:   1.1,  Val Acc: 85.55%,  Time: 0:15:30 *
Iter:    300,  Train Loss:   0.5,  Train Acc: 87.50%,  Val Loss:  0.58,  Val Acc: 86.31%,  Time: 0:21:10 *
Iter:    400,  Train Loss:  0.13,  Train Acc: 100.00%,  Val Loss:  0.69,  Val Acc: 81.55%,  Time: 0:26:55 
Iter:    500,  Train Loss:  0.36,  Train Acc: 87.50%,  Val Loss:  0.48,  Val Acc: 88.69%,  Time: 0:32:44 *
Iter:    600,  Train Loss:   0.4,  Train Acc: 75.00%,  Val Loss:  0.48,  Val Acc: 88.51%,  Time: 0:38:22 
Iter:    700,  Train Loss:  0.88,  Train Acc: 75.00%,  Val Loss:   0.5,  Val Acc: 87.67%,  Time: 0:43:58 
Iter:    800,  Train Loss:  0.12,  Train Acc: 100.00%,  Val Loss:  0.47,  Val Acc: 88.06%,  Time: 0:49:33 
Iter:    900,  Train Loss:  0.53,  Train Acc: 87.50%,  Val Loss:   0.5,  Val Acc: 87.54%,  Time: 0:55:24 
Iter:   1000,  Train Loss:  0.32,  Train Acc: 87.50%,  Val Loss:  0.43,  Val Acc: 89.07%,  Time: 1:01:34 *
Iter:   1100,  Train Loss: 0.096,  Train Acc: 100.00%,  Val Loss:  0.46,  Val Acc: 87.83%,  Time: 1:07:37 
Iter:   1200,  Train Loss:  0.26,  Train Acc: 100.00%,  Val Loss:   0.4,  Val Acc: 89.78%,  Time: 1:13:41 *
Iter:   1300,  Train Loss:  0.47,  Train Acc: 87.50%,  Val Loss:   0.4,  Val Acc: 89.67%,  Time: 1:19:43 
Iter:   1400,  Train Loss:   1.0,  Train Acc: 75.00%,  Val Loss:   0.4,  Val Acc: 89.16%,  Time: 1:25:42 
Iter:   1500,  Train Loss:  0.45,  Train Acc: 75.00%,  Val Loss:  0.35,  Val Acc: 90.16%,  Time: 1:31:47 *
Iter:   1600,  Train Loss:  0.11,  Train Acc: 100.00%,  Val Loss:  0.41,  Val Acc: 89.70%,  Time: 1:37:50 
Iter:   1700,  Train Loss:  0.84,  Train Acc: 87.50%,  Val Loss:  0.41,  Val Acc: 90.00%,  Time: 1:43:55 
Iter:   1800,  Train Loss:  0.78,  Train Acc: 62.50%,  Val Loss:   0.4,  Val Acc: 90.00%,  Time: 1:50:00 
Iter:   1900,  Train Loss:  0.18,  Train Acc: 87.50%,  Val Loss:  0.35,  Val Acc: 90.99%,  Time: 1:56:09 *
Iter:   2000,  Train Loss: 0.061,  Train Acc: 100.00%,  Val Loss:  0.39,  Val Acc: 89.34%,  Time: 2:02:14 
Iter:   2100,  Train Loss:  0.74,  Train Acc: 87.50%,  Val Loss:  0.35,  Val Acc: 91.29%,  Time: 2:08:22 *
Iter:   2200,  Train Loss:  0.12,  Train Acc: 100.00%,  Val Loss:  0.35,  Val Acc: 90.73%,  Time: 2:14:28 
Iter:   2300,  Train Loss:  0.65,  Train Acc: 75.00%,  Val Loss:  0.34,  Val Acc: 90.82%,  Time: 2:20:30 
Iter:   2400,  Train Loss:  0.27,  Train Acc: 100.00%,  Val Loss:  0.36,  Val Acc: 90.76%,  Time: 2:26:34 
Iter:   2500,  Train Loss:  0.68,  Train Acc: 75.00%,  Val Loss:  0.33,  Val Acc: 91.30%,  Time: 2:32:42 *
Iter:   2600,  Train Loss: 0.023,  Train Acc: 100.00%,  Val Loss:  0.39,  Val Acc: 90.89%,  Time: 2:38:46 
Iter:   2700,  Train Loss: 0.018,  Train Acc: 100.00%,  Val Loss:  0.34,  Val Acc: 91.07%,  Time: 2:44:51 
Iter:   2800,  Train Loss: 0.026,  Train Acc: 100.00%,  Val Loss:  0.31,  Val Acc: 91.60%,  Time: 2:50:58 *
Iter:   2900,  Train Loss: 0.037,  Train Acc: 100.00%,  Val Loss:  0.29,  Val Acc: 92.05%,  Time: 2:57:08 *
Iter:   3000,  Train Loss:  0.21,  Train Acc: 87.50%,  Val Loss:  0.33,  Val Acc: 91.37%,  Time: 3:03:13 
Epoch [2/5]
Iter:   3100,  Train Loss:  0.44,  Train Acc: 87.50%,  Val Loss:   0.3,  Val Acc: 91.75%,  Time: 3:09:17 
Iter:   3200,  Train Loss: 0.061,  Train Acc: 100.00%,  Val Loss:  0.28,  Val Acc: 92.03%,  Time: 3:15:23 
Iter:   3300,  Train Loss: 0.0099,  Train Acc: 100.00%,  Val Loss:  0.32,  Val Acc: 91.77%,  Time: 3:21:27 
Iter:   3400,  Train Loss:  0.69,  Train Acc: 75.00%,  Val Loss:  0.36,  Val Acc: 90.78%,  Time: 3:27:33 
Iter:   3500,  Train Loss:  0.02,  Train Acc: 100.00%,  Val Loss:  0.29,  Val Acc: 92.06%,  Time: 3:33:40 *
Iter:   3600,  Train Loss:   1.0,  Train Acc: 75.00%,  Val Loss:  0.37,  Val Acc: 90.26%,  Time: 3:39:44 
Iter:   3700,  Train Loss: 0.015,  Train Acc: 100.00%,  Val Loss:   0.3,  Val Acc: 92.25%,  Time: 3:45:51 *
Iter:   3800,  Train Loss:  0.64,  Train Acc: 87.50%,  Val Loss:  0.29,  Val Acc: 92.21%,  Time: 3:51:56 
Iter:   3900,  Train Loss:  0.31,  Train Acc: 87.50%,  Val Loss:  0.29,  Val Acc: 92.43%,  Time: 3:58:03 *
Iter:   4000,  Train Loss: 0.042,  Train Acc: 100.00%,  Val Loss:  0.29,  Val Acc: 92.18%,  Time: 4:04:08 
Iter:   4100,  Train Loss:  0.12,  Train Acc: 100.00%,  Val Loss:  0.32,  Val Acc: 91.83%,  Time: 4:10:12 
Iter:   4200,  Train Loss:  0.17,  Train Acc: 87.50%,  Val Loss:  0.28,  Val Acc: 92.63%,  Time: 4:16:20 *
Iter:   4300,  Train Loss:  0.21,  Train Acc: 87.50%,  Val Loss:  0.29,  Val Acc: 92.15%,  Time: 4:22:24 
Iter:   4400,  Train Loss: 0.017,  Train Acc: 100.00%,  Val Loss:  0.31,  Val Acc: 91.88%,  Time: 4:28:27 
Iter:   4500,  Train Loss: 0.031,  Train Acc: 100.00%,  Val Loss:  0.29,  Val Acc: 92.49%,  Time: 4:34:31 
Iter:   4600,  Train Loss:   1.8,  Train Acc: 50.00%,  Val Loss:  0.28,  Val Acc: 92.73%,  Time: 4:40:43 *
Iter:   4700,  Train Loss:  0.25,  Train Acc: 87.50%,  Val Loss:  0.25,  Val Acc: 93.01%,  Time: 4:46:49 *
Iter:   4800,  Train Loss: 0.091,  Train Acc: 100.00%,  Val Loss:  0.27,  Val Acc: 92.79%,  Time: 4:52:54 
Iter:   4900,  Train Loss:   1.2,  Train Acc: 75.00%,  Val Loss:  0.29,  Val Acc: 91.93%,  Time: 4:58:55 
Iter:   5000,  Train Loss: 0.013,  Train Acc: 100.00%,  Val Loss:  0.27,  Val Acc: 93.27%,  Time: 5:04:57 *
Iter:   5100,  Train Loss: 0.0079,  Train Acc: 100.00%,  Val Loss:  0.26,  Val Acc: 93.04%,  Time: 5:10:57 
Iter:   5200,  Train Loss: 0.013,  Train Acc: 100.00%,  Val Loss:  0.23,  Val Acc: 93.45%,  Time: 5:17:06 *
Iter:   5300,  Train Loss:  0.19,  Train Acc: 87.50%,  Val Loss:  0.25,  Val Acc: 93.21%,  Time: 5:23:11 
Iter:   5400,  Train Loss: 0.036,  Train Acc: 100.00%,  Val Loss:  0.26,  Val Acc: 93.17%,  Time: 5:29:14 
Iter:   5500,  Train Loss:  0.25,  Train Acc: 87.50%,  Val Loss:  0.25,  Val Acc: 93.22%,  Time: 5:35:19 
Iter:   5600,  Train Loss:  0.45,  Train Acc: 87.50%,  Val Loss:  0.24,  Val Acc: 93.04%,  Time: 5:41:17 
Iter:   5700,  Train Loss: 0.018,  Train Acc: 100.00%,  Val Loss:  0.24,  Val Acc: 93.35%,  Time: 5:47:17 
Iter:   5800,  Train Loss:  0.23,  Train Acc: 87.50%,  Val Loss:  0.27,  Val Acc: 92.48%,  Time: 5:53:19 
Iter:   5900,  Train Loss: 0.017,  Train Acc: 100.00%,  Val Loss:  0.24,  Val Acc: 92.96%,  Time: 5:59:24 
Iter:   6000,  Train Loss:  0.16,  Train Acc: 87.50%,  Val Loss:  0.23,  Val Acc: 93.65%,  Time: 6:05:34 *
Epoch [3/5]
Iter:   6100,  Train Loss:  0.55,  Train Acc: 87.50%,  Val Loss:  0.26,  Val Acc: 93.49%,  Time: 6:11:41 
Iter:   6200,  Train Loss: 0.0039,  Train Acc: 100.00%,  Val Loss:  0.26,  Val Acc: 93.45%,  Time: 6:17:50 
Iter:   6300,  Train Loss:  0.11,  Train Acc: 100.00%,  Val Loss:  0.26,  Val Acc: 93.21%,  Time: 6:23:52 
Iter:   6400,  Train Loss:  0.02,  Train Acc: 100.00%,  Val Loss:  0.24,  Val Acc: 93.87%,  Time: 6:29:54 *
Iter:   6500,  Train Loss:   0.7,  Train Acc: 75.00%,  Val Loss:  0.26,  Val Acc: 93.75%,  Time: 6:35:53 
Iter:   6600,  Train Loss:  0.55,  Train Acc: 87.50%,  Val Loss:  0.24,  Val Acc: 94.00%,  Time: 6:41:58 *
Iter:   6700,  Train Loss: 0.0049,  Train Acc: 100.00%,  Val Loss:  0.23,  Val Acc: 94.05%,  Time: 6:48:08 *
Iter:   6800,  Train Loss: 0.0092,  Train Acc: 100.00%,  Val Loss:  0.22,  Val Acc: 93.83%,  Time: 6:54:14 
Iter:   6900,  Train Loss: 0.0083,  Train Acc: 100.00%,  Val Loss:  0.25,  Val Acc: 93.37%,  Time: 7:00:16 
Iter:   7000,  Train Loss: 0.0063,  Train Acc: 100.00%,  Val Loss:  0.25,  Val Acc: 93.73%,  Time: 7:06:18 
Iter:   7100,  Train Loss:  0.13,  Train Acc: 100.00%,  Val Loss:  0.24,  Val Acc: 93.14%,  Time: 7:12:18 
Iter:   7200,  Train Loss:  0.12,  Train Acc: 100.00%,  Val Loss:  0.27,  Val Acc: 93.47%,  Time: 7:18:18 
Iter:   7300,  Train Loss:  0.87,  Train Acc: 87.50%,  Val Loss:  0.27,  Val Acc: 93.65%,  Time: 7:24:18 
Iter:   7400,  Train Loss:   0.1,  Train Acc: 100.00%,  Val Loss:  0.26,  Val Acc: 93.30%,  Time: 7:30:19 
Iter:   7500,  Train Loss:  0.28,  Train Acc: 87.50%,  Val Loss:  0.26,  Val Acc: 93.73%,  Time: 7:36:20 
Iter:   7600,  Train Loss:  0.04,  Train Acc: 100.00%,  Val Loss:  0.23,  Val Acc: 93.65%,  Time: 7:42:28 
Iter:   7700,  Train Loss:  0.23,  Train Acc: 87.50%,  Val Loss:  0.25,  Val Acc: 93.32%,  Time: 7:48:33 
Iter:   7800,  Train Loss:  0.69,  Train Acc: 75.00%,  Val Loss:  0.26,  Val Acc: 93.35%,  Time: 7:54:38 
Iter:   7900,  Train Loss: 0.0061,  Train Acc: 100.00%,  Val Loss:  0.26,  Val Acc: 93.77%,  Time: 8:00:45 
Iter:   8000,  Train Loss:  0.11,  Train Acc: 87.50%,  Val Loss:  0.23,  Val Acc: 93.85%,  Time: 8:06:52 
Iter:   8100,  Train Loss: 0.0061,  Train Acc: 100.00%,  Val Loss:  0.25,  Val Acc: 93.82%,  Time: 8:12:58 
Iter:   8200,  Train Loss: 0.0069,  Train Acc: 100.00%,  Val Loss:  0.26,  Val Acc: 93.59%,  Time: 8:19:06 
Iter:   8300,  Train Loss: 0.0079,  Train Acc: 100.00%,  Val Loss:  0.23,  Val Acc: 93.98%,  Time: 8:25:13 
Iter:   8400,  Train Loss: 0.011,  Train Acc: 100.00%,  Val Loss:  0.23,  Val Acc: 93.47%,  Time: 8:31:18 
Iter:   8500,  Train Loss: 0.045,  Train Acc: 100.00%,  Val Loss:  0.24,  Val Acc: 94.05%,  Time: 8:37:24 
Iter:   8600,  Train Loss:   0.2,  Train Acc: 87.50%,  Val Loss:  0.23,  Val Acc: 93.82%,  Time: 8:43:31 
Iter:   8700,  Train Loss:  0.25,  Train Acc: 87.50%,  Val Loss:  0.23,  Val Acc: 94.26%,  Time: 8:49:42 *
Iter:   8800,  Train Loss:  0.11,  Train Acc: 100.00%,  Val Loss:  0.22,  Val Acc: 94.18%,  Time: 8:55:48 
Iter:   8900,  Train Loss: 0.019,  Train Acc: 100.00%,  Val Loss:  0.23,  Val Acc: 93.98%,  Time: 9:01:55 
Iter:   9000,  Train Loss: 0.0075,  Train Acc: 100.00%,  Val Loss:  0.22,  Val Acc: 94.41%,  Time: 9:08:05 *
Epoch [4/5]
Iter:   9100,  Train Loss:  0.18,  Train Acc: 87.50%,  Val Loss:  0.23,  Val Acc: 94.18%,  Time: 9:14:12 
Iter:   9200,  Train Loss: 0.019,  Train Acc: 100.00%,  Val Loss:  0.23,  Val Acc: 94.15%,  Time: 9:20:19 
Iter:   9300,  Train Loss: 0.011,  Train Acc: 100.00%,  Val Loss:  0.23,  Val Acc: 94.11%,  Time: 9:26:24 
Iter:   9400,  Train Loss: 0.0075,  Train Acc: 100.00%,  Val Loss:  0.22,  Val Acc: 94.28%,  Time: 9:32:31 
Iter:   9500,  Train Loss: 0.0037,  Train Acc: 100.00%,  Val Loss:  0.23,  Val Acc: 94.21%,  Time: 9:38:39 
Iter:   9600,  Train Loss: 0.0097,  Train Acc: 100.00%,  Val Loss:  0.25,  Val Acc: 94.15%,  Time: 9:44:47 
Iter:   9700,  Train Loss: 0.023,  Train Acc: 100.00%,  Val Loss:  0.24,  Val Acc: 94.13%,  Time: 9:50:54 
Iter:   9800,  Train Loss: 0.0054,  Train Acc: 100.00%,  Val Loss:  0.24,  Val Acc: 94.25%,  Time: 9:57:00 
Iter:   9900,  Train Loss: 0.0043,  Train Acc: 100.00%,  Val Loss:  0.27,  Val Acc: 94.20%,  Time: 10:03:08 
Iter:  10000,  Train Loss:   0.2,  Train Acc: 100.00%,  Val Loss:  0.26,  Val Acc: 94.36%,  Time: 10:09:13 
Iter:  10100,  Train Loss: 0.0027,  Train Acc: 100.00%,  Val Loss:  0.25,  Val Acc: 94.40%,  Time: 10:15:21 
Iter:  10200,  Train Loss: 0.0019,  Train Acc: 100.00%,  Val Loss:  0.25,  Val Acc: 94.40%,  Time: 10:21:27 
Iter:  10300,  Train Loss: 0.004,  Train Acc: 100.00%,  Val Loss:  0.26,  Val Acc: 94.20%,  Time: 10:27:31 
Iter:  10400,  Train Loss: 0.0057,  Train Acc: 100.00%,  Val Loss:  0.27,  Val Acc: 94.25%,  Time: 10:33:37 
Iter:  10500,  Train Loss:  0.05,  Train Acc: 100.00%,  Val Loss:  0.25,  Val Acc: 94.36%,  Time: 10:39:42 
Iter:  10600,  Train Loss: 0.005,  Train Acc: 100.00%,  Val Loss:  0.24,  Val Acc: 94.38%,  Time: 10:45:48 
Iter:  10700,  Train Loss:   1.1,  Train Acc: 87.50%,  Val Loss:  0.25,  Val Acc: 94.48%,  Time: 10:51:57 *
Iter:  10800,  Train Loss: 0.0062,  Train Acc: 100.00%,  Val Loss:  0.25,  Val Acc: 94.31%,  Time: 10:58:03 
Iter:  10900,  Train Loss: 0.009,  Train Acc: 100.00%,  Val Loss:  0.25,  Val Acc: 94.59%,  Time: 11:04:13 *
Iter:  11000,  Train Loss:   0.7,  Train Acc: 87.50%,  Val Loss:  0.26,  Val Acc: 94.45%,  Time: 11:10:18 
Iter:  11100,  Train Loss:  0.54,  Train Acc: 87.50%,  Val Loss:  0.24,  Val Acc: 94.15%,  Time: 11:16:23 
Iter:  11200,  Train Loss:  0.56,  Train Acc: 87.50%,  Val Loss:  0.25,  Val Acc: 94.54%,  Time: 11:22:29 
Iter:  11300,  Train Loss:  0.68,  Train Acc: 87.50%,  Val Loss:  0.25,  Val Acc: 94.69%,  Time: 11:28:40 *
Iter:  11400,  Train Loss: 0.0049,  Train Acc: 100.00%,  Val Loss:  0.26,  Val Acc: 94.51%,  Time: 11:34:48 
Iter:  11500,  Train Loss:  0.14,  Train Acc: 87.50%,  Val Loss:  0.26,  Val Acc: 94.45%,  Time: 11:40:54 
Iter:  11600,  Train Loss: 0.022,  Train Acc: 100.00%,  Val Loss:  0.25,  Val Acc: 94.41%,  Time: 11:47:02 
Iter:  11700,  Train Loss: 0.023,  Train Acc: 100.00%,  Val Loss:  0.24,  Val Acc: 94.56%,  Time: 11:53:07 
Iter:  11800,  Train Loss: 0.038,  Train Acc: 100.00%,  Val Loss:  0.25,  Val Acc: 94.38%,  Time: 11:59:15 
Iter:  11900,  Train Loss: 0.0044,  Train Acc: 100.00%,  Val Loss:  0.24,  Val Acc: 94.71%,  Time: 12:05:24 *
Iter:  12000,  Train Loss:  0.31,  Train Acc: 87.50%,  Val Loss:  0.25,  Val Acc: 94.45%,  Time: 12:11:30 
Epoch [5/5]
Iter:  12100,  Train Loss: 0.011,  Train Acc: 100.00%,  Val Loss:  0.25,  Val Acc: 94.53%,  Time: 12:17:35 
Iter:  12200,  Train Loss:  0.21,  Train Acc: 87.50%,  Val Loss:  0.25,  Val Acc: 94.45%,  Time: 12:23:42 
Iter:  12300,  Train Loss: 0.0028,  Train Acc: 100.00%,  Val Loss:  0.26,  Val Acc: 94.35%,  Time: 12:29:45 
Iter:  12400,  Train Loss: 0.0034,  Train Acc: 100.00%,  Val Loss:  0.26,  Val Acc: 94.25%,  Time: 12:35:51 
Iter:  12500,  Train Loss:  0.13,  Train Acc: 87.50%,  Val Loss:  0.27,  Val Acc: 94.25%,  Time: 12:41:57 
Iter:  12600,  Train Loss: 0.0047,  Train Acc: 100.00%,  Val Loss:  0.27,  Val Acc: 94.35%,  Time: 12:48:01 
Iter:  12700,  Train Loss: 0.0094,  Train Acc: 100.00%,  Val Loss:  0.27,  Val Acc: 94.45%,  Time: 12:54:06 
Iter:  12800,  Train Loss: 0.0058,  Train Acc: 100.00%,  Val Loss:  0.28,  Val Acc: 94.28%,  Time: 13:00:11 
Iter:  12900,  Train Loss: 0.0081,  Train Acc: 100.00%,  Val Loss:  0.27,  Val Acc: 94.23%,  Time: 13:06:19 
Iter:  13000,  Train Loss:  0.18,  Train Acc: 87.50%,  Val Loss:  0.29,  Val Acc: 93.98%,  Time: 13:12:23 
Iter:  13100,  Train Loss: 0.0041,  Train Acc: 100.00%,  Val Loss:  0.26,  Val Acc: 94.33%,  Time: 13:18:29 
Iter:  13200,  Train Loss: 0.0025,  Train Acc: 100.00%,  Val Loss:  0.27,  Val Acc: 94.43%,  Time: 13:24:34 
Iter:  13300,  Train Loss: 0.0029,  Train Acc: 100.00%,  Val Loss:  0.28,  Val Acc: 94.48%,  Time: 13:30:40 
Iter:  13400,  Train Loss: 0.002,  Train Acc: 100.00%,  Val Loss:  0.27,  Val Acc: 94.48%,  Time: 13:36:44 
Iter:  13500,  Train Loss: 0.0057,  Train Acc: 100.00%,  Val Loss:  0.27,  Val Acc: 94.41%,  Time: 13:42:50 
Iter:  13600,  Train Loss: 0.002,  Train Acc: 100.00%,  Val Loss:  0.28,  Val Acc: 94.49%,  Time: 13:48:55 
Iter:  13700,  Train Loss: 0.0037,  Train Acc: 100.00%,  Val Loss:  0.28,  Val Acc: 94.40%,  Time: 13:55:01 
Iter:  13800,  Train Loss: 0.0017,  Train Acc: 100.00%,  Val Loss:  0.28,  Val Acc: 94.31%,  Time: 14:01:07 
Iter:  13900,  Train Loss: 0.0064,  Train Acc: 100.00%,  Val Loss:  0.27,  Val Acc: 94.54%,  Time: 14:07:13 
Iter:  14000,  Train Loss: 0.0055,  Train Acc: 100.00%,  Val Loss:  0.26,  Val Acc: 94.49%,  Time: 14:13:18 
Iter:  14100,  Train Loss: 0.0022,  Train Acc: 100.00%,  Val Loss:  0.27,  Val Acc: 94.46%,  Time: 14:19:25 
Iter:  14200,  Train Loss: 0.077,  Train Acc: 100.00%,  Val Loss:  0.27,  Val Acc: 94.49%,  Time: 14:25:29 
Iter:  14300,  Train Loss: 0.0094,  Train Acc: 100.00%,  Val Loss:  0.28,  Val Acc: 94.41%,  Time: 14:31:36 
Iter:  14400,  Train Loss: 0.0013,  Train Acc: 100.00%,  Val Loss:  0.28,  Val Acc: 94.46%,  Time: 14:37:41 
Iter:  14500,  Train Loss: 0.0018,  Train Acc: 100.00%,  Val Loss:  0.28,  Val Acc: 94.53%,  Time: 14:43:47 
Iter:  14600,  Train Loss: 0.052,  Train Acc: 100.00%,  Val Loss:  0.27,  Val Acc: 94.69%,  Time: 14:49:54 
Iter:  14700,  Train Loss: 0.0018,  Train Acc: 100.00%,  Val Loss:  0.27,  Val Acc: 94.58%,  Time: 14:56:01 
Iter:  14800,  Train Loss: 0.0016,  Train Acc: 100.00%,  Val Loss:  0.27,  Val Acc: 94.69%,  Time: 15:02:07 
Iter:  14900,  Train Loss: 0.0018,  Train Acc: 100.00%,  Val Loss:  0.27,  Val Acc: 94.76%,  Time: 15:08:16 *
Iter:  15000,  Train Loss: 0.0042,  Train Acc: 100.00%,  Val Loss:  0.27,  Val Acc: 94.73%,  Time: 15:14:22 
Iter:  15100,  Train Loss: 0.0055,  Train Acc: 100.00%,  Val Loss:  0.26,  Val Acc: 94.71%,  Time: 15:20:25 
